C:\USERS\KHANHHANG\DESKTOP\CLIENT_IRIS_OFFICAL\DEBUG\CLIENT_IRIS_OFFICAL.EXE
C:\USERS\KHANHHANG\DESKTOP\CLIENT_IRIS_OFFICAL\DEBUG\CLIENT_IRIS_OFFICAL.EXE.EMBED.MANIFEST
C:\USERS\KHANHHANG\DESKTOP\CLIENT_IRIS_OFFICAL\DEBUG\CLIENT_IRIS_OFFICAL.EXE.EMBED.MANIFEST.RES
C:\USERS\KHANHHANG\DESKTOP\CLIENT_IRIS_OFFICAL\DEBUG\CLIENT_IRIS_OFFICAL.EXE.INTERMEDIATE.MANIFEST
C:\USERS\KHANHHANG\DESKTOP\CLIENT_IRIS_OFFICAL\DEBUG\CLIENT_IRIS_OFFICAL.ILK
C:\USERS\KHANHHANG\DESKTOP\CLIENT_IRIS_OFFICAL\DEBUG\CLIENT_IRIS_OFFICAL.OBJ
C:\USERS\KHANHHANG\DESKTOP\CLIENT_IRIS_OFFICAL\DEBUG\CLIENT_IRIS_OFFICAL.PCH
C:\USERS\KHANHHANG\DESKTOP\CLIENT_IRIS_OFFICAL\DEBUG\CLIENT_IRIS_OFFICAL.PDB
C:\USERS\KHANHHANG\DESKTOP\CLIENT_IRIS_OFFICAL\DEBUG\CLIENT_IRIS_OFFICAL.RES
C:\USERS\KHANHHANG\DESKTOP\CLIENT_IRIS_OFFICAL\DEBUG\CLIENT_IRIS_OFFICALDLG.OBJ
C:\USERS\KHANHHANG\DESKTOP\CLIENT_IRIS_OFFICAL\DEBUG\STDAFX.OBJ
C:\USERS\KHANHHANG\DESKTOP\CLIENT_IRIS_OFFICAL\DEBUG\VC100.PDB
C:\USERS\KHANHHANG\DESKTOP\KHOALUAN\MANGUON\CLIENT\DEBUG\CLIENT_IRIS_OFFICAL.EXE
C:\USERS\KHANHHANG\DESKTOP\KHOALUAN\MANGUON\CLIENT\DEBUG\CLIENT_IRIS_OFFICAL.EXE.EMBED.MANIFEST.RES
C:\USERS\KHANHHANG\DESKTOP\KHOALUAN\MANGUON\CLIENT\DEBUG\CLIENT_IRIS_OFFICAL.EXE.INTERMEDIATE.MANIFEST
C:\USERS\KHANHHANG\DESKTOP\KHOALUAN\MANGUON\CLIENT\DEBUG\CLIENT_IRIS_OFFICAL.ILK
C:\USERS\KHANHHANG\DESKTOP\KHOALUAN\MANGUON\CLIENT\DEBUG\CLIENT_IRIS_OFFICAL.OBJ
C:\USERS\KHANHHANG\DESKTOP\KHOALUAN\MANGUON\CLIENT\DEBUG\CLIENT_IRIS_OFFICAL.PCH
C:\USERS\KHANHHANG\DESKTOP\KHOALUAN\MANGUON\CLIENT\DEBUG\CLIENT_IRIS_OFFICAL.PDB
C:\USERS\KHANHHANG\DESKTOP\KHOALUAN\MANGUON\CLIENT\DEBUG\CLIENT_IRIS_OFFICAL.RES
C:\USERS\KHANHHANG\DESKTOP\KHOALUAN\MANGUON\CLIENT\DEBUG\CLIENT_IRIS_OFFICALDLG.OBJ
C:\USERS\KHANHHANG\DESKTOP\KHOALUAN\MANGUON\CLIENT\DEBUG\STDAFX.OBJ
C:\USERS\KHANHHANG\DESKTOP\KHOALUAN\MANGUON\CLIENT\DEBUG\VC100.PDB
C:\USERS\KHANHHANG\DESKTOP\NGHIENCUUKHOAHOC\MANGUON\CLIENT\DEBUG\CLIENT_IRIS_OFFICAL.EXE
C:\USERS\KHANHHANG\DESKTOP\NGHIENCUUKHOAHOC\MANGUON\CLIENT\DEBUG\CLIENT_IRIS_OFFICAL.EXE.EMBED.MANIFEST.RES
C:\USERS\KHANHHANG\DESKTOP\NGHIENCUUKHOAHOC\MANGUON\CLIENT\DEBUG\CLIENT_IRIS_OFFICAL.EXE.INTERMEDIATE.MANIFEST
C:\USERS\KHANHHANG\DESKTOP\NGHIENCUUKHOAHOC\MANGUON\CLIENT\DEBUG\CLIENT_IRIS_OFFICAL.ILK
C:\USERS\KHANHHANG\DESKTOP\NGHIENCUUKHOAHOC\MANGUON\CLIENT\DEBUG\CLIENT_IRIS_OFFICAL.OBJ
C:\USERS\KHANHHANG\DESKTOP\NGHIENCUUKHOAHOC\MANGUON\CLIENT\DEBUG\CLIENT_IRIS_OFFICAL.PCH
C:\USERS\KHANHHANG\DESKTOP\NGHIENCUUKHOAHOC\MANGUON\CLIENT\DEBUG\CLIENT_IRIS_OFFICAL.PDB
C:\USERS\KHANHHANG\DESKTOP\NGHIENCUUKHOAHOC\MANGUON\CLIENT\DEBUG\CLIENT_IRIS_OFFICAL.RES
C:\USERS\KHANHHANG\DESKTOP\NGHIENCUUKHOAHOC\MANGUON\CLIENT\DEBUG\CLIENT_IRIS_OFFICALDLG.OBJ
C:\USERS\KHANHHANG\DESKTOP\NGHIENCUUKHOAHOC\MANGUON\CLIENT\DEBUG\STDAFX.OBJ
C:\USERS\KHANHHANG\DESKTOP\NGHIENCUUKHOAHOC\MANGUON\CLIENT\DEBUG\VC100.PDB
D:\KhoaLuan\MaNguon\Client\Debug\cl.command.1.tlog
D:\KhoaLuan\MaNguon\Client\Debug\CL.read.1.tlog
D:\KhoaLuan\MaNguon\Client\Debug\CL.write.1.tlog
D:\KHOALUAN\MANGUON\CLIENT\DEBUG\CLIENT_IRIS_OFFICAL.EXE
D:\KhoaLuan\MaNguon\Client\Debug\CLIENT_IRIS_OFFICAL.exe.embed.manifest
D:\KHOALUAN\MANGUON\CLIENT\DEBUG\CLIENT_IRIS_OFFICAL.EXE.EMBED.MANIFEST.RES
D:\KHOALUAN\MANGUON\CLIENT\DEBUG\CLIENT_IRIS_OFFICAL.EXE.INTERMEDIATE.MANIFEST
D:\KHOALUAN\MANGUON\CLIENT\DEBUG\CLIENT_IRIS_OFFICAL.ILK
D:\KHOALUAN\MANGUON\CLIENT\DEBUG\CLIENT_IRIS_OFFICAL.OBJ
D:\KHOALUAN\MANGUON\CLIENT\DEBUG\CLIENT_IRIS_OFFICAL.PCH
D:\KHOALUAN\MANGUON\CLIENT\DEBUG\CLIENT_IRIS_OFFICAL.PDB
D:\KHOALUAN\MANGUON\CLIENT\DEBUG\CLIENT_IRIS_OFFICAL.RES
D:\KhoaLuan\MaNguon\Client\Debug\CLIENT_IRIS_OFFICAL.vcxprojResolveAssemblyReference.cache
D:\KhoaLuan\MaNguon\Client\Debug\CLIENT_IRIS_OFFICAL.write.1.tlog
D:\KhoaLuan\MaNguon\Client\Debug\CLIENT_IRIS_OFFICAL_manifest.rc
D:\KHOALUAN\MANGUON\CLIENT\DEBUG\CLIENT_IRIS_OFFICALDLG.OBJ
D:\KhoaLuan\MaNguon\Client\Debug\link.1148.read.1.tlog
D:\KhoaLuan\MaNguon\Client\Debug\link.1148.write.1.tlog
D:\KhoaLuan\MaNguon\Client\Debug\link.1148-cvtres.read.1.tlog
D:\KhoaLuan\MaNguon\Client\Debug\link.1148-cvtres.write.1.tlog
D:\KhoaLuan\MaNguon\Client\Debug\link.256.read.1.tlog
D:\KhoaLuan\MaNguon\Client\Debug\link.256.write.1.tlog
D:\KhoaLuan\MaNguon\Client\Debug\link.256-cvtres.read.1.tlog
D:\KhoaLuan\MaNguon\Client\Debug\link.256-cvtres.write.1.tlog
D:\KhoaLuan\MaNguon\Client\Debug\link.2876.read.1.tlog
D:\KhoaLuan\MaNguon\Client\Debug\link.2876.write.1.tlog
D:\KhoaLuan\MaNguon\Client\Debug\link.2876-cvtres.read.1.tlog
D:\KhoaLuan\MaNguon\Client\Debug\link.2876-cvtres.write.1.tlog
D:\KhoaLuan\MaNguon\Client\Debug\link.3132.read.1.tlog
D:\KhoaLuan\MaNguon\Client\Debug\link.3132.write.1.tlog
D:\KhoaLuan\MaNguon\Client\Debug\link.3132-cvtres.read.1.tlog
D:\KhoaLuan\MaNguon\Client\Debug\link.3132-cvtres.write.1.tlog
D:\KhoaLuan\MaNguon\Client\Debug\link.3208.read.1.tlog
D:\KhoaLuan\MaNguon\Client\Debug\link.3208.write.1.tlog
D:\KhoaLuan\MaNguon\Client\Debug\link.3208-cvtres.read.1.tlog
D:\KhoaLuan\MaNguon\Client\Debug\link.3208-cvtres.write.1.tlog
D:\KhoaLuan\MaNguon\Client\Debug\link.3428.read.1.tlog
D:\KhoaLuan\MaNguon\Client\Debug\link.3428.write.1.tlog
D:\KhoaLuan\MaNguon\Client\Debug\link.3428-cvtres.read.1.tlog
D:\KhoaLuan\MaNguon\Client\Debug\link.3428-cvtres.write.1.tlog
D:\KhoaLuan\MaNguon\Client\Debug\link.3440.read.1.tlog
D:\KhoaLuan\MaNguon\Client\Debug\link.3440.write.1.tlog
D:\KhoaLuan\MaNguon\Client\Debug\link.3440-cvtres.read.1.tlog
D:\KhoaLuan\MaNguon\Client\Debug\link.3440-cvtres.write.1.tlog
D:\KhoaLuan\MaNguon\Client\Debug\link.3596.read.1.tlog
D:\KhoaLuan\MaNguon\Client\Debug\link.3596.write.1.tlog
D:\KhoaLuan\MaNguon\Client\Debug\link.3596-cvtres.read.1.tlog
D:\KhoaLuan\MaNguon\Client\Debug\link.3596-cvtres.write.1.tlog
D:\KhoaLuan\MaNguon\Client\Debug\link.3768.read.1.tlog
D:\KhoaLuan\MaNguon\Client\Debug\link.3768.write.1.tlog
D:\KhoaLuan\MaNguon\Client\Debug\link.3768-cvtres.read.1.tlog
D:\KhoaLuan\MaNguon\Client\Debug\link.3768-cvtres.write.1.tlog
D:\KhoaLuan\MaNguon\Client\Debug\link.3912.read.1.tlog
D:\KhoaLuan\MaNguon\Client\Debug\link.3912.write.1.tlog
D:\KhoaLuan\MaNguon\Client\Debug\link.3912-cvtres.read.1.tlog
D:\KhoaLuan\MaNguon\Client\Debug\link.3912-cvtres.write.1.tlog
D:\KhoaLuan\MaNguon\Client\Debug\link.4456.read.1.tlog
D:\KhoaLuan\MaNguon\Client\Debug\link.4456.write.1.tlog
D:\KhoaLuan\MaNguon\Client\Debug\link.4456-cvtres.read.1.tlog
D:\KhoaLuan\MaNguon\Client\Debug\link.4456-cvtres.write.1.tlog
D:\KhoaLuan\MaNguon\Client\Debug\link.4764.read.1.tlog
D:\KhoaLuan\MaNguon\Client\Debug\link.4764.write.1.tlog
D:\KhoaLuan\MaNguon\Client\Debug\link.4764-cvtres.read.1.tlog
D:\KhoaLuan\MaNguon\Client\Debug\link.4764-cvtres.write.1.tlog
D:\KhoaLuan\MaNguon\Client\Debug\link.5048.read.1.tlog
D:\KhoaLuan\MaNguon\Client\Debug\link.5048.write.1.tlog
D:\KhoaLuan\MaNguon\Client\Debug\link.5048-cvtres.read.1.tlog
D:\KhoaLuan\MaNguon\Client\Debug\link.5048-cvtres.write.1.tlog
D:\KhoaLuan\MaNguon\Client\Debug\link.5376.read.1.tlog
D:\KhoaLuan\MaNguon\Client\Debug\link.5376.write.1.tlog
D:\KhoaLuan\MaNguon\Client\Debug\link.5376-cvtres.read.1.tlog
D:\KhoaLuan\MaNguon\Client\Debug\link.5376-cvtres.write.1.tlog
D:\KhoaLuan\MaNguon\Client\Debug\link.5436.read.1.tlog
D:\KhoaLuan\MaNguon\Client\Debug\link.5436.write.1.tlog
D:\KhoaLuan\MaNguon\Client\Debug\link.5436-cvtres.read.1.tlog
D:\KhoaLuan\MaNguon\Client\Debug\link.5436-cvtres.write.1.tlog
D:\KhoaLuan\MaNguon\Client\Debug\link.5448.read.1.tlog
D:\KhoaLuan\MaNguon\Client\Debug\link.5448.write.1.tlog
D:\KhoaLuan\MaNguon\Client\Debug\link.5448-cvtres.read.1.tlog
D:\KhoaLuan\MaNguon\Client\Debug\link.5448-cvtres.write.1.tlog
D:\KhoaLuan\MaNguon\Client\Debug\link.5532.read.1.tlog
D:\KhoaLuan\MaNguon\Client\Debug\link.5532.write.1.tlog
D:\KhoaLuan\MaNguon\Client\Debug\link.5532-cvtres.read.1.tlog
D:\KhoaLuan\MaNguon\Client\Debug\link.5532-cvtres.write.1.tlog
D:\KhoaLuan\MaNguon\Client\Debug\link.5660.read.1.tlog
D:\KhoaLuan\MaNguon\Client\Debug\link.5660.write.1.tlog
D:\KhoaLuan\MaNguon\Client\Debug\link.5660-cvtres.read.1.tlog
D:\KhoaLuan\MaNguon\Client\Debug\link.5660-cvtres.write.1.tlog
D:\KhoaLuan\MaNguon\Client\Debug\link.5704.read.1.tlog
D:\KhoaLuan\MaNguon\Client\Debug\link.5704.write.1.tlog
D:\KhoaLuan\MaNguon\Client\Debug\link.5704-cvtres.read.1.tlog
D:\KhoaLuan\MaNguon\Client\Debug\link.5704-cvtres.write.1.tlog
D:\KhoaLuan\MaNguon\Client\Debug\link.5788.read.1.tlog
D:\KhoaLuan\MaNguon\Client\Debug\link.5788.write.1.tlog
D:\KhoaLuan\MaNguon\Client\Debug\link.5788-cvtres.read.1.tlog
D:\KhoaLuan\MaNguon\Client\Debug\link.5788-cvtres.write.1.tlog
D:\KhoaLuan\MaNguon\Client\Debug\link.5844.read.1.tlog
D:\KhoaLuan\MaNguon\Client\Debug\link.5844.write.1.tlog
D:\KhoaLuan\MaNguon\Client\Debug\link.5844-cvtres.read.1.tlog
D:\KhoaLuan\MaNguon\Client\Debug\link.5844-cvtres.write.1.tlog
D:\KhoaLuan\MaNguon\Client\Debug\link.5952.read.1.tlog
D:\KhoaLuan\MaNguon\Client\Debug\link.5952.write.1.tlog
D:\KhoaLuan\MaNguon\Client\Debug\link.5952-cvtres.read.1.tlog
D:\KhoaLuan\MaNguon\Client\Debug\link.5952-cvtres.write.1.tlog
D:\KhoaLuan\MaNguon\Client\Debug\link.5960.read.1.tlog
D:\KhoaLuan\MaNguon\Client\Debug\link.5960.write.1.tlog
D:\KhoaLuan\MaNguon\Client\Debug\link.5960-cvtres.read.1.tlog
D:\KhoaLuan\MaNguon\Client\Debug\link.5960-cvtres.write.1.tlog
D:\KhoaLuan\MaNguon\Client\Debug\link.6056.read.1.tlog
D:\KhoaLuan\MaNguon\Client\Debug\link.6056.write.1.tlog
D:\KhoaLuan\MaNguon\Client\Debug\link.6056-cvtres.read.1.tlog
D:\KhoaLuan\MaNguon\Client\Debug\link.6056-cvtres.write.1.tlog
D:\KhoaLuan\MaNguon\Client\Debug\link.6092.read.1.tlog
D:\KhoaLuan\MaNguon\Client\Debug\link.6092.write.1.tlog
D:\KhoaLuan\MaNguon\Client\Debug\link.6092-cvtres.read.1.tlog
D:\KhoaLuan\MaNguon\Client\Debug\link.6092-cvtres.write.1.tlog
D:\KhoaLuan\MaNguon\Client\Debug\link.6156.read.1.tlog
D:\KhoaLuan\MaNguon\Client\Debug\link.6156.write.1.tlog
D:\KhoaLuan\MaNguon\Client\Debug\link.6156-cvtres.read.1.tlog
D:\KhoaLuan\MaNguon\Client\Debug\link.6156-cvtres.write.1.tlog
D:\KhoaLuan\MaNguon\Client\Debug\link.6260.read.1.tlog
D:\KhoaLuan\MaNguon\Client\Debug\link.6260.write.1.tlog
D:\KhoaLuan\MaNguon\Client\Debug\link.6260-cvtres.read.1.tlog
D:\KhoaLuan\MaNguon\Client\Debug\link.6260-cvtres.write.1.tlog
D:\KhoaLuan\MaNguon\Client\Debug\link.6444.read.1.tlog
D:\KhoaLuan\MaNguon\Client\Debug\link.6444.write.1.tlog
D:\KhoaLuan\MaNguon\Client\Debug\link.6444-cvtres.read.1.tlog
D:\KhoaLuan\MaNguon\Client\Debug\link.6444-cvtres.write.1.tlog
D:\KhoaLuan\MaNguon\Client\Debug\link.6852.read.1.tlog
D:\KhoaLuan\MaNguon\Client\Debug\link.6852.write.1.tlog
D:\KhoaLuan\MaNguon\Client\Debug\link.6852-cvtres.read.1.tlog
D:\KhoaLuan\MaNguon\Client\Debug\link.6852-cvtres.write.1.tlog
D:\KhoaLuan\MaNguon\Client\Debug\link.6992.read.1.tlog
D:\KhoaLuan\MaNguon\Client\Debug\link.6992.write.1.tlog
D:\KhoaLuan\MaNguon\Client\Debug\link.6992-cvtres.read.1.tlog
D:\KhoaLuan\MaNguon\Client\Debug\link.6992-cvtres.write.1.tlog
D:\KhoaLuan\MaNguon\Client\Debug\link.7008.read.1.tlog
D:\KhoaLuan\MaNguon\Client\Debug\link.7008.write.1.tlog
D:\KhoaLuan\MaNguon\Client\Debug\link.7008-cvtres.read.1.tlog
D:\KhoaLuan\MaNguon\Client\Debug\link.7008-cvtres.write.1.tlog
D:\KhoaLuan\MaNguon\Client\Debug\link.7156.read.1.tlog
D:\KhoaLuan\MaNguon\Client\Debug\link.7156.write.1.tlog
D:\KhoaLuan\MaNguon\Client\Debug\link.7156-cvtres.read.1.tlog
D:\KhoaLuan\MaNguon\Client\Debug\link.7156-cvtres.write.1.tlog
D:\KhoaLuan\MaNguon\Client\Debug\link.command.1.tlog
D:\KhoaLuan\MaNguon\Client\Debug\link.read.1.tlog
D:\KhoaLuan\MaNguon\Client\Debug\link.write.1.tlog
D:\KhoaLuan\MaNguon\Client\Debug\link-cvtres.read.1.tlog
D:\KhoaLuan\MaNguon\Client\Debug\link-cvtres.write.1.tlog
D:\KhoaLuan\MaNguon\Client\Debug\mt.command.1.tlog
D:\KhoaLuan\MaNguon\Client\Debug\mt.read.1.tlog
D:\KhoaLuan\MaNguon\Client\Debug\mt.write.1.tlog
D:\KhoaLuan\MaNguon\Client\Debug\rc.command.1.tlog
D:\KhoaLuan\MaNguon\Client\Debug\rc.read.1.tlog
D:\KhoaLuan\MaNguon\Client\Debug\rc.write.1.tlog
D:\KHOALUAN\MANGUON\CLIENT\DEBUG\STDAFX.OBJ
D:\KhoaLuan\MaNguon\Client\Debug\vc100.idb
D:\KHOALUAN\MANGUON\CLIENT\DEBUG\VC100.PDB
